<14>Jul  8 13:43:09 wrk-shasek.stackedpads.local Microsoft-Windows-Windows_Defender[2624]: {"EventTime":1657287787,"Hostname":"wrk-shasek.stackedpads.local","Keywords":-9223372036854775808,"EventType":"INFO","SeverityValue":2,"Severity":"INFO","EventID":5001,"SourceName":"Microsoft-Windows-Windows Defender","ProviderGuid":"{11CD958A-C507-4EF3-B3F2-5FD9DFBD2C78}","Version":0,"Task":0,"OpcodeValue":0,"RecordNumber":201,"ProcessID":2624,"ThreadID":6952,"Channel":"Microsoft-Windows-Windows Defender/Operational","Domain":"NT AUTHORITY","AccountName":"SYSTEM","UserID":"S-1-5-18","AccountType":"User","Message":"Microsoft Defender Antivirus Real-time Protection scanning for malware and other potentially unwanted software was disabled.","Opcode":"Info","Product Name":"Microsoft Defender Antivirus","Product Version":"4.18.2205.7","EventReceivedTime":1657287789,"SourceModuleName":"in_defender_av","SourceModuleType":"im_msvistalog"}
<14>Jul  8 13:43:40 activedir.stackedpads.local Microsoft-Windows-Windows_Defender[3312]: {"EventTime":1657287818,"Hostname":"activedir.stackedpads.local","Keywords":-9223372036854775808,"EventType":"INFO","SeverityValue":2,"Severity":"INFO","EventID":2010,"SourceName":"Microsoft-Windows-Windows Defender","ProviderGuid":"{11CD958A-C507-4EF3-B3F2-5FD9DFBD2C78}","Version":0,"Task":0,"OpcodeValue":0,"RecordNumber":1925,"ProcessID":3312,"ThreadID":3728,"Channel":"Microsoft-Windows-Windows Defender/Operational","Domain":"NT AUTHORITY","AccountName":"SYSTEM","UserID":"S-1-5-18","AccountType":"User","Message":"Microsoft Defender Antivirus used Dynamic security intelligence Service to retrieve additional security intelligence to help protect your machine.\r\n \tCurrent security intelligence Version: 1.369.975.0\r\n \tSecurity intelligence Type: \r\n \tUser: \\\r\n \tCurrent Engine Version: 1.1.19300.2\r\n \tDynamic security intelligence Type: Security intelligence update\r\n \tPersistence Path: C:\\ProgramData\\Microsoft\\Windows Defender\\Scans\\RtSigs\\data\\c01cc783790bafc0dfba3f16824a48d31a7709ae\r\n \tDynamic security intelligence Version: 0.0.0.0\r\n \tDynamic security intelligence Compilation Timestamp: 7/8/2022 1:43:38 PM\r\n \tPersistence Limit Type: Duration\r\n \tPersistence Limit: 288000000","Opcode":"Info","Product Name":"Microsoft Defender Antivirus","Product Version":"4.18.2205.7","Current security intelligence Version":"1.369.975.0","Security intelligence Type Index":"0","Current Engine Version":"1.1.19300.2","Dynamic security intelligence Type Index":"1","Dynamic security intelligence Type":"Security intelligence update","Persistence Path":"C:\\ProgramData\\Microsoft\\Windows Defender\\Scans\\RtSigs\\data\\c01cc783790bafc0dfba3f16824a48d31a7709ae","Dynamic security intelligence Version":"0.0.0.0","Dynamic security intelligence Compilation Timestamp":"7/8/2022 1:43:38 PM","Persistence Limit Type Index":"2","Persistence Limit Type":"Duration","Persistence Limit Value":"288000000","EventReceivedTime":1657287820,"SourceModuleName":"in_defender_av","SourceModuleType":"im_msvistalog"}
<14>Jul  8 13:44:40 activedir.stackedpads.local Microsoft-Windows-Windows_Defender[3312]: {"EventTime":1657287879,"Hostname":"activedir.stackedpads.local","Keywords":-9223372036854775808,"EventType":"INFO","SeverityValue":2,"Severity":"INFO","EventID":2010,"SourceName":"Microsoft-Windows-Windows Defender","ProviderGuid":"{11CD958A-C507-4EF3-B3F2-5FD9DFBD2C78}","Version":0,"Task":0,"OpcodeValue":0,"RecordNumber":1926,"ProcessID":3312,"ThreadID":3956,"Channel":"Microsoft-Windows-Windows Defender/Operational","Domain":"NT AUTHORITY","AccountName":"SYSTEM","UserID":"S-1-5-18","AccountType":"User","Message":"Microsoft Defender Antivirus used Dynamic security intelligence Service to retrieve additional security intelligence to help protect your machine.\r\n \tCurrent security intelligence Version: 1.369.975.0\r\n \tSecurity intelligence Type: \r\n \tUser: \\\r\n \tCurrent Engine Version: 1.1.19300.2\r\n \tDynamic security intelligence Type: Security intelligence update\r\n \tPersistence Path: C:\\ProgramData\\Microsoft\\Windows Defender\\Scans\\RtSigs\\data\\0af83a5e53b24bfd7437daffc84c2d20e19e6e63\r\n \tDynamic security intelligence Version: 0.0.0.0\r\n \tDynamic security intelligence Compilation Timestamp: 7/8/2022 1:44:39 PM\r\n \tPersistence Limit Type: Duration\r\n \tPersistence Limit: 288000000","Opcode":"Info","Product Name":"Microsoft Defender Antivirus","Product Version":"4.18.2205.7","Current security intelligence Version":"1.369.975.0","Security intelligence Type Index":"0","Current Engine Version":"1.1.19300.2","Dynamic security intelligence Type Index":"1","Dynamic security intelligence Type":"Security intelligence update","Persistence Path":"C:\\ProgramData\\Microsoft\\Windows Defender\\Scans\\RtSigs\\data\\0af83a5e53b24bfd7437daffc84c2d20e19e6e63","Dynamic security intelligence Version":"0.0.0.0","Dynamic security intelligence Compilation Timestamp":"7/8/2022 1:44:39 PM","Persistence Limit Type Index":"2","Persistence Limit Type":"Duration","Persistence Limit Value":"288000000","EventReceivedTime":1657287880,"SourceModuleName":"in_defender_av","SourceModuleType":"im_msvistalog"}
<14>Jul  8 13:46:56 activedir.stackedpads.local Microsoft-Windows-Windows_Defender[3312]: {"EventTime":1657288015,"Hostname":"activedir.stackedpads.local","Keywords":-9223372036854775808,"EventType":"INFO","SeverityValue":2,"Severity":"INFO","EventID":2010,"SourceName":"Microsoft-Windows-Windows Defender","ProviderGuid":"{11CD958A-C507-4EF3-B3F2-5FD9DFBD2C78}","Version":0,"Task":0,"OpcodeValue":0,"RecordNumber":1927,"ProcessID":3312,"ThreadID":3768,"Channel":"Microsoft-Windows-Windows Defender/Operational","Domain":"NT AUTHORITY","AccountName":"SYSTEM","UserID":"S-1-5-18","AccountType":"User","Message":"Microsoft Defender Antivirus used Dynamic security intelligence Service to retrieve additional security intelligence to help protect your machine.\r\n \tCurrent security intelligence Version: 1.369.975.0\r\n \tSecurity intelligence Type: \r\n \tUser: \\\r\n \tCurrent Engine Version: 1.1.19300.2\r\n \tDynamic security intelligence Type: Security intelligence update\r\n \tPersistence Path: C:\\ProgramData\\Microsoft\\Windows Defender\\Scans\\RtSigs\\data\\5a7f0d99de3940b5fad4598f22d70c1020feb386\r\n \tDynamic security intelligence Version: 0.0.0.0\r\n \tDynamic security intelligence Compilation Timestamp: 7/8/2022 1:46:55 PM\r\n \tPersistence Limit Type: Duration\r\n \tPersistence Limit: 288000000","Opcode":"Info","Product Name":"Microsoft Defender Antivirus","Product Version":"4.18.2205.7","Current security intelligence Version":"1.369.975.0","Security intelligence Type Index":"0","Current Engine Version":"1.1.19300.2","Dynamic security intelligence Type Index":"1","Dynamic security intelligence Type":"Security intelligence update","Persistence Path":"C:\\ProgramData\\Microsoft\\Windows Defender\\Scans\\RtSigs\\data\\5a7f0d99de3940b5fad4598f22d70c1020feb386","Dynamic security intelligence Version":"0.0.0.0","Dynamic security intelligence Compilation Timestamp":"7/8/2022 1:46:55 PM","Persistence Limit Type Index":"2","Persistence Limit Type":"Duration","Persistence Limit Value":"288000000","EventReceivedTime":1657288016,"SourceModuleName":"in_defender_av","SourceModuleType":"im_msvistalog"}
<14>Jul  8 14:06:47 activedir.stackedpads.local Microsoft-Windows-Windows_Defender[3312]: {"EventTime":1657289205,"Hostname":"activedir.stackedpads.local","Keywords":-9223372036854775808,"EventType":"INFO","SeverityValue":2,"Severity":"INFO","EventID":2010,"SourceName":"Microsoft-Windows-Windows Defender","ProviderGuid":"{11CD958A-C507-4EF3-B3F2-5FD9DFBD2C78}","Version":0,"Task":0,"OpcodeValue":0,"RecordNumber":1928,"ProcessID":3312,"ThreadID":3956,"Channel":"Microsoft-Windows-Windows Defender/Operational","Domain":"NT AUTHORITY","AccountName":"SYSTEM","UserID":"S-1-5-18","AccountType":"User","Message":"Microsoft Defender Antivirus used Dynamic security intelligence Service to retrieve additional security intelligence to help protect your machine.\r\n \tCurrent security intelligence Version: 1.369.975.0\r\n \tSecurity intelligence Type: \r\n \tUser: \\\r\n \tCurrent Engine Version: 1.1.19300.2\r\n \tDynamic security intelligence Type: Security intelligence update\r\n \tPersistence Path: C:\\ProgramData\\Microsoft\\Windows Defender\\Scans\\RtSigs\\data\\0f29c16690ecd1f66e603c3a6b68ab3338a1f8fd\r\n \tDynamic security intelligence Version: 0.0.0.0\r\n \tDynamic security intelligence Compilation Timestamp: 7/8/2022 2:06:45 PM\r\n \tPersistence Limit Type: Duration\r\n \tPersistence Limit: 288000000","Opcode":"Info","Product Name":"Microsoft Defender Antivirus","Product Version":"4.18.2205.7","Current security intelligence Version":"1.369.975.0","Security intelligence Type Index":"0","Current Engine Version":"1.1.19300.2","Dynamic security intelligence Type Index":"1","Dynamic security intelligence Type":"Security intelligence update","Persistence Path":"C:\\ProgramData\\Microsoft\\Windows Defender\\Scans\\RtSigs\\data\\0f29c16690ecd1f66e603c3a6b68ab3338a1f8fd","Dynamic security intelligence Version":"0.0.0.0","Dynamic security intelligence Compilation Timestamp":"7/8/2022 2:06:45 PM","Persistence Limit Type Index":"2","Persistence Limit Type":"Duration","Persistence Limit Value":"288000000","EventReceivedTime":1657289207,"SourceModuleName":"in_defender_av","SourceModuleType":"im_msvistalog"}
<14>Jul  8 14:17:38 activedir.stackedpads.local Microsoft-Windows-Windows_Defender[3312]: {"EventTime":1657289857,"Hostname":"activedir.stackedpads.local","Keywords":-9223372036854775808,"EventType":"INFO","SeverityValue":2,"Severity":"INFO","EventID":5001,"SourceName":"Microsoft-Windows-Windows Defender","ProviderGuid":"{11CD958A-C507-4EF3-B3F2-5FD9DFBD2C78}","Version":0,"Task":0,"OpcodeValue":0,"RecordNumber":1929,"ProcessID":3312,"ThreadID":5756,"Channel":"Microsoft-Windows-Windows Defender/Operational","Domain":"NT AUTHORITY","AccountName":"SYSTEM","UserID":"S-1-5-18","AccountType":"User","Message":"Microsoft Defender Antivirus Real-time Protection scanning for malware and other potentially unwanted software was disabled.","Opcode":"Info","Product Name":"Microsoft Defender Antivirus","Product Version":"4.18.2205.7","EventReceivedTime":1657289858,"SourceModuleName":"in_defender_av","SourceModuleType":"im_msvistalog"}
<14>Jul  8 14:26:22 activedir.stackedpads.local Microsoft-Windows-Windows_Defender[3312]: {"EventTime":1657290381,"Hostname":"activedir.stackedpads.local","Keywords":-9223372036854775808,"EventType":"INFO","SeverityValue":2,"Severity":"INFO","EventID":5000,"SourceName":"Microsoft-Windows-Windows Defender","ProviderGuid":"{11CD958A-C507-4EF3-B3F2-5FD9DFBD2C78}","Version":0,"Task":0,"OpcodeValue":0,"RecordNumber":1930,"ProcessID":3312,"ThreadID":3728,"Channel":"Microsoft-Windows-Windows Defender/Operational","Domain":"NT AUTHORITY","AccountName":"SYSTEM","UserID":"S-1-5-18","AccountType":"User","Message":"Microsoft Defender Antivirus Real-time Protection scanning for malware and other potentially unwanted software was enabled.","Opcode":"Info","Product Name":"Microsoft Defender Antivirus","Product Version":"4.18.2205.7","EventReceivedTime":1657290382,"SourceModuleName":"in_defender_av","SourceModuleType":"im_msvistalog"}
<14>Jul  8 14:30:24 wrk-shasek.stackedpads.local Microsoft-Windows-Windows_Defender[2624]: {"EventTime":1657290622,"Hostname":"wrk-shasek.stackedpads.local","Keywords":-9223372036854775808,"EventType":"INFO","SeverityValue":2,"Severity":"INFO","EventID":5000,"SourceName":"Microsoft-Windows-Windows Defender","ProviderGuid":"{11CD958A-C507-4EF3-B3F2-5FD9DFBD2C78}","Version":0,"Task":0,"OpcodeValue":0,"RecordNumber":202,"ProcessID":2624,"ThreadID":2924,"Channel":"Microsoft-Windows-Windows Defender/Operational","Domain":"NT AUTHORITY","AccountName":"SYSTEM","UserID":"S-1-5-18","AccountType":"User","Message":"Microsoft Defender Antivirus Real-time Protection scanning for malware and other potentially unwanted software was enabled.","Opcode":"Info","Product Name":"Microsoft Defender Antivirus","Product Version":"4.18.2205.7","EventReceivedTime":1657290624,"SourceModuleName":"in_defender_av","SourceModuleType":"im_msvistalog"}
<14>Jul  8 14:30:43 wrk-shasek.stackedpads.local Microsoft-Windows-Windows_Defender[2624]: {"EventTime":1657290641,"Hostname":"wrk-shasek.stackedpads.local","Keywords":-9223372036854775808,"EventType":"INFO","SeverityValue":2,"Severity":"INFO","EventID":1150,"SourceName":"Microsoft-Windows-Windows Defender","ProviderGuid":"{11CD958A-C507-4EF3-B3F2-5FD9DFBD2C78}","Version":0,"Task":0,"OpcodeValue":0,"RecordNumber":203,"ProcessID":2624,"ThreadID":3004,"Channel":"Microsoft-Windows-Windows Defender/Operational","Domain":"NT AUTHORITY","AccountName":"SYSTEM","UserID":"S-1-5-18","AccountType":"User","Message":"Endpoint Protection client is up and running in a healthy state.\r\n \tPlatform version: 4.18.2205.7\r\n \tEngine version: 1.1.19300.2\r\n \tSecurity intelligence version: 1.369.975.0\r\n","Opcode":"Info","Product Name":"Microsoft Defender Antivirus","Platform version":"4.18.2205.7","Engine version":"1.1.19300.2","Security intelligence version":"1.369.975.0","EventReceivedTime":1657290643,"SourceModuleName":"in_defender_av","SourceModuleType":"im_msvistalog"}
<14>Jul  8 14:30:43 wrk-shasek.stackedpads.local Microsoft-Windows-Windows_Defender[2624]: {"EventTime":1657290641,"Hostname":"wrk-shasek.stackedpads.local","Keywords":-9223372036854775808,"EventType":"INFO","SeverityValue":2,"Severity":"INFO","EventID":1151,"SourceName":"Microsoft-Windows-Windows Defender","ProviderGuid":"{11CD958A-C507-4EF3-B3F2-5FD9DFBD2C78}","Version":0,"Task":0,"OpcodeValue":0,"RecordNumber":204,"ProcessID":2624,"ThreadID":3004,"Channel":"Microsoft-Windows-Windows Defender/Operational","Domain":"NT AUTHORITY","AccountName":"SYSTEM","UserID":"S-1-5-18","AccountType":"User","Message":"Endpoint Protection client health report (time in UTC):\r\n \tPlatform version: 4.18.2205.7\r\n \tEngine version: 1.1.19300.2\r\n \tNetwork Realtime Inspection engine version: 1.1.19300.2\r\n \tAntivirus security intelligence version: 1.369.975.0\r\n \tAntispyware security intelligence version: 1.369.975.0\r\n \tNetwork Realtime Inspection security intelligence version: 1.369.975.0\r\n \tRTP state: Enabled\r\n \tOA state: Enabled\r\n \tIOAV state: Enabled\r\n \tBM state: Enabled\r\n \tAntivirus security intelligence age: 0\r\n \tAntispyware security intelligence age: 0\r\n \tLast quick scan age: 0\r\n \tLast full scan age: 4294967295\r\n \tAntivirus security intelligence creation time: 7/8/2022 5:54:32 AM\r\n \tAntispyware security intelligence creation time: 7/8/2022 5:54:32 AM\r\n \tLast quick scan start time: 7/7/2022 8:37:22 PM\r\n \tLast quick scan end time: 7/7/2022 8:38:28 PM\r\n \tLast quick scan source: 2\r\n \tLast full scan start time: 1/1/1601 12:00:00 AM\r\n \tLast full scan end time: 1/1/1601 12:00:00 AM\r\n \tLast full scan source: 0\r\n \tProduct status: 0x00080000\r\n","Opcode":"Info","Product Name":"Microsoft Defender Antivirus","Platform version":"4.18.2205.7","Engine version":"1.1.19300.2","NRI engine version":"1.1.19300.2","AV security intelligence version":"1.369.975.0","AS security intelligence version":"1.369.975.0","NRI security intelligence version":"1.369.975.0","RTP state":"Enabled","OA state":"Enabled","IOAV state":"Enabled","BM state":"Enabled","Last AV security intelligence age":"0","Last AS security intelligence age":"0","Last quick scan age":"0","Last full scan age":"4294967295","AV security intelligence creation time":"7/8/2022 5:54:32 AM","AS security intelligence creation time":"7/8/2022 5:54:32 AM","Last quick scan start time":"7/7/2022 8:37:22 PM","Last quick scan end time":"7/7/2022 8:38:28 PM","Last quick scan source":"2","Last full scan start time":"1/1/1601 12:00:00 AM","Last full scan end time":"1/1/1601 12:00:00 AM","Last full scan source":"0","Product status":"0x00080000","Latest engine version":"1.1.19300.2","Engine up-to-date":"0","Latest platform version":"4.18.2205.7","Platform up-to-date":"1","EventReceivedTime":1657290643,"SourceModuleName":"in_defender_av","SourceModuleType":"im_msvistalog"}
<14>Jul  8 14:30:43 wrk-shasek.stackedpads.local Microsoft-Windows-Windows_Defender[2624]: {"EventTime":1657290642,"Hostname":"wrk-shasek.stackedpads.local","Keywords":-9223372036854775808,"EventType":"INFO","SeverityValue":2,"Severity":"INFO","EventID":5007,"SourceName":"Microsoft-Windows-Windows Defender","ProviderGuid":"{11CD958A-C507-4EF3-B3F2-5FD9DFBD2C78}","Version":0,"Task":0,"OpcodeValue":0,"RecordNumber":206,"ProcessID":2624,"ThreadID":976,"Channel":"Microsoft-Windows-Windows Defender/Operational","Domain":"NT AUTHORITY","AccountName":"SYSTEM","UserID":"S-1-5-18","AccountType":"User","Message":"Microsoft Defender Antivirus Configuration has changed. If this is an unexpected event you should review the settings as this may be the result of malware.\r\n \tOld value: Default\\Diagnostics\\RolledbackPlatformHealthData = 0\r\n \tNew value: HKLM\\SOFTWARE\\Microsoft\\Windows Defender\\Diagnostics\\RolledbackPlatformHealthData = <OVERALL>:<BAD>,<AGE>:<15>,<DIRTY_SHUTDOWNS>:<4>","Opcode":"Info","Product Name":"Microsoft Defender Antivirus","Product Version":"4.18.2205.7","Old Value":"Default\\Diagnostics\\RolledbackPlatformHealthData = 0","New Value":"HKLM\\SOFTWARE\\Microsoft\\Windows Defender\\Diagnostics\\RolledbackPlatformHealthData = &lt;OVERALL&gt;:&lt;BAD&gt;,&lt;AGE&gt;:&lt;15&gt;,&lt;DIRTY_SHUTDOWNS&gt;:&lt;4&gt;","EventReceivedTime":1657290643,"SourceModuleName":"in_defender_av","SourceModuleType":"im_msvistalog"}
<14>Jul  8 14:30:43 wrk-shasek.stackedpads.local Microsoft-Windows-Windows_Defender[2624]: {"EventTime":1657290642,"Hostname":"wrk-shasek.stackedpads.local","Keywords":-9223372036854775808,"EventType":"INFO","SeverityValue":2,"Severity":"INFO","EventID":5007,"SourceName":"Microsoft-Windows-Windows Defender","ProviderGuid":"{11CD958A-C507-4EF3-B3F2-5FD9DFBD2C78}","Version":0,"Task":0,"OpcodeValue":0,"RecordNumber":205,"ProcessID":2624,"ThreadID":976,"Channel":"Microsoft-Windows-Windows Defender/Operational","Domain":"NT AUTHORITY","AccountName":"SYSTEM","UserID":"S-1-5-18","AccountType":"User","Message":"Microsoft Defender Antivirus Configuration has changed. If this is an unexpected event you should review the settings as this may be the result of malware.\r\n \tOld value: Default\\Diagnostics\\PlatformRollbackMethod = 0x0\r\n \tNew value: HKLM\\SOFTWARE\\Microsoft\\Windows Defender\\Diagnostics\\PlatformRollbackMethod = 0x3","Opcode":"Info","Product Name":"Microsoft Defender Antivirus","Product Version":"4.18.2205.7","Old Value":"Default\\Diagnostics\\PlatformRollbackMethod = 0x0","New Value":"HKLM\\SOFTWARE\\Microsoft\\Windows Defender\\Diagnostics\\PlatformRollbackMethod = 0x3","EventReceivedTime":1657290643,"SourceModuleName":"in_defender_av","SourceModuleType":"im_msvistalog"}
<14>Jul  8 14:32:21 activedir.stackedpads.local Microsoft-Windows-Windows_Defender[3312]: {"EventTime":1657290740,"Hostname":"activedir.stackedpads.local","Keywords":-9223372036854775808,"EventType":"INFO","SeverityValue":2,"Severity":"INFO","EventID":1151,"SourceName":"Microsoft-Windows-Windows Defender","ProviderGuid":"{11CD958A-C507-4EF3-B3F2-5FD9DFBD2C78}","Version":0,"Task":0,"OpcodeValue":0,"RecordNumber":1932,"ProcessID":3312,"ThreadID":3728,"Channel":"Microsoft-Windows-Windows Defender/Operational","Domain":"NT AUTHORITY","AccountName":"SYSTEM","UserID":"S-1-5-18","AccountType":"User","Message":"Endpoint Protection client health report (time in UTC):\r\n \tPlatform version: 4.18.2205.7\r\n \tEngine version: 1.1.19300.2\r\n \tNetwork Realtime Inspection engine version: 1.1.19300.2\r\n \tAntivirus security intelligence version: 1.369.975.0\r\n \tAntispyware security intelligence version: 1.369.975.0\r\n \tNetwork Realtime Inspection security intelligence version: 1.369.975.0\r\n \tRTP state: Enabled\r\n \tOA state: Enabled\r\n \tIOAV state: Enabled\r\n \tBM state: Enabled\r\n \tAntivirus security intelligence age: 0\r\n \tAntispyware security intelligence age: 0\r\n \tLast quick scan age: 0\r\n \tLast full scan age: 4294967295\r\n \tAntivirus security intelligence creation time: 7/8/2022 5:54:32 AM\r\n \tAntispyware security intelligence creation time: 7/8/2022 5:54:32 AM\r\n \tLast quick scan start time: 7/8/2022 3:13:38 AM\r\n \tLast quick scan end time: 7/8/2022 3:14:20 AM\r\n \tLast quick scan source: 2\r\n \tLast full scan start time: 1/1/1601 12:00:00 AM\r\n \tLast full scan end time: 1/1/1601 12:00:00 AM\r\n \tLast full scan source: 0\r\n \tProduct status: 0x00080000\r\n","Opcode":"Info","Product Name":"Microsoft Defender Antivirus","Platform version":"4.18.2205.7","Engine version":"1.1.19300.2","NRI engine version":"1.1.19300.2","AV security intelligence version":"1.369.975.0","AS security intelligence version":"1.369.975.0","NRI security intelligence version":"1.369.975.0","RTP state":"Enabled","OA state":"Enabled","IOAV state":"Enabled","BM state":"Enabled","Last AV security intelligence age":"0","Last AS security intelligence age":"0","Last quick scan age":"0","Last full scan age":"4294967295","AV security intelligence creation time":"7/8/2022 5:54:32 AM","AS security intelligence creation time":"7/8/2022 5:54:32 AM","Last quick scan start time":"7/8/2022 3:13:38 AM","Last quick scan end time":"7/8/2022 3:14:20 AM","Last quick scan source":"2","Last full scan start time":"1/1/1601 12:00:00 AM","Last full scan end time":"1/1/1601 12:00:00 AM","Last full scan source":"0","Product status":"0x00080000","Latest engine version":"1.1.19300.2","Engine up-to-date":"0","Latest platform version":"4.18.2205.7","Platform up-to-date":"1","EventReceivedTime":1657290741,"SourceModuleName":"in_defender_av","SourceModuleType":"im_msvistalog"}
<14>Jul  8 14:32:21 activedir.stackedpads.local Microsoft-Windows-Windows_Defender[3312]: {"EventTime":1657290740,"Hostname":"activedir.stackedpads.local","Keywords":-9223372036854775808,"EventType":"INFO","SeverityValue":2,"Severity":"INFO","EventID":1150,"SourceName":"Microsoft-Windows-Windows Defender","ProviderGuid":"{11CD958A-C507-4EF3-B3F2-5FD9DFBD2C78}","Version":0,"Task":0,"OpcodeValue":0,"RecordNumber":1931,"ProcessID":3312,"ThreadID":3728,"Channel":"Microsoft-Windows-Windows Defender/Operational","Domain":"NT AUTHORITY","AccountName":"SYSTEM","UserID":"S-1-5-18","AccountType":"User","Message":"Endpoint Protection client is up and running in a healthy state.\r\n \tPlatform version: 4.18.2205.7\r\n \tEngine version: 1.1.19300.2\r\n \tSecurity intelligence version: 1.369.975.0\r\n","Opcode":"Info","Product Name":"Microsoft Defender Antivirus","Platform version":"4.18.2205.7","Engine version":"1.1.19300.2","Security intelligence version":"1.369.975.0","EventReceivedTime":1657290741,"SourceModuleName":"in_defender_av","SourceModuleType":"im_msvistalog"}
